2014-05-30 16:05:48,266 - INFO - Logging started...
2014-05-30 16:06:25,377 - INFO - Logging started...
2014-05-30 16:07:27,522 - INFO - Logging started...
2014-05-30 16:14:57,369 - INFO - Logging started...
2014-05-30 16:16:03,569 - INFO - Logging started...
2014-05-30 16:16:03,572 - INFO - Args parsed: Namespace(create=False, export=['2'], graph=False, test=False)
2014-05-30 16:16:14,586 - INFO - Logging started...
2014-05-30 16:16:14,589 - INFO - Args parsed: Namespace(create=False, export=['2'], graph=False, test=False)
2014-05-30 16:16:29,261 - INFO - Logging started...
2014-05-30 16:16:29,264 - INFO - Args parsed: Namespace(create=False, export=['2'], graph=False, test=False)
2014-05-30 16:16:48,286 - INFO - Logging started...
2014-05-30 16:16:48,289 - INFO - Args parsed: Namespace(create=False, export=None, graph=False, test=False)
2014-05-30 16:16:50,878 - INFO - Logging started...
2014-05-30 16:16:50,881 - INFO - Args parsed: Namespace(create=False, export=['2'], graph=False, test=False)
2014-05-30 16:17:15,429 - INFO - Logging started...
2014-05-30 16:17:15,431 - INFO - Args parsed: Namespace(create=False, export=['2'], graph=False, test=False)
2014-05-30 16:17:46,749 - INFO - Logging started...
2014-05-30 16:17:52,700 - INFO - Logging started...
2014-05-30 16:17:58,281 - INFO - Logging started...
2014-05-30 16:17:58,283 - INFO - Args parsed: Namespace(create=False, export='2', graph=False, test=False)
2014-05-30 16:18:17,528 - INFO - Logging started...
2014-05-30 16:18:17,530 - INFO - Args parsed: Namespace(create=False, export='2', graph=False, test=False)
2014-05-30 16:18:26,756 - INFO - Logging started...
2014-05-30 16:18:26,759 - INFO - Args parsed: Namespace(create=False, export='2', graph=False, test=False)
2014-05-30 16:18:40,717 - INFO - Logging started...
2014-05-30 16:18:40,720 - INFO - Args parsed: Namespace(create=False, export='24', graph=False, test=False)
2014-05-30 16:18:43,331 - INFO - Logging started...
2014-05-30 16:18:46,260 - INFO - Logging started...
2014-05-30 16:18:52,471 - INFO - Logging started...
2014-05-30 16:23:35,439 - INFO - Logging started...
2014-05-30 16:28:35,295 - INFO - Logging started...
2014-05-30 16:28:35,300 - INFO - Args parsed: Namespace(create=False, export='12', graph=False, test=False)
2014-05-30 16:28:39,930 - INFO - Logging started...
2014-05-30 16:28:39,932 - INFO - Args parsed: Namespace(create=False, export='0', graph=False, test=False)
2014-05-30 16:28:41,637 - INFO - Logging started...
2014-05-30 16:28:41,639 - INFO - Args parsed: Namespace(create=False, export='1', graph=False, test=False)
2014-05-30 16:28:46,771 - INFO - Logging started...
2014-05-30 16:28:46,774 - INFO - Args parsed: Namespace(create=False, export='2', graph=False, test=False)
2014-05-30 16:29:48,862 - INFO - Logging started...
2014-05-30 16:29:48,864 - INFO - Args parsed: Namespace(create=False, export='2', graph=False, test=False)
2014-05-30 16:29:50,927 - INFO - Logging started...
2014-05-30 16:29:50,930 - INFO - Args parsed: Namespace(create=False, export='1', graph=False, test=False)
2014-05-30 16:29:52,234 - INFO - Logging started...
2014-05-30 16:29:52,236 - INFO - Args parsed: Namespace(create=False, export='3', graph=False, test=False)
2014-05-30 16:29:57,221 - INFO - Logging started...
2014-05-30 16:29:57,223 - INFO - Args parsed: Namespace(create=False, export='e', graph=False, test=False)
2014-05-30 17:06:28,966 - INFO - Logging started...
2014-05-30 17:06:28,968 - INFO - Args parsed: Namespace(create=False, export='1', graph=False, test=False)
2014-05-30 17:07:07,964 - INFO - Logging started...
2014-05-30 17:07:07,966 - INFO - Args parsed: Namespace(create=False, export='4', graph=False, test=False)
2014-05-30 17:07:20,180 - INFO - Logging started...
2014-05-30 17:07:20,183 - INFO - Args parsed: Namespace(create=False, export='4', graph=False, test=False)
2014-05-30 17:08:00,521 - INFO - Logging started...
2014-05-30 17:08:00,523 - INFO - Args parsed: Namespace(create=False, export='4', graph=False, test=False)
2014-05-30 17:08:17,405 - INFO - Logging started...
2014-05-30 17:08:17,408 - INFO - Args parsed: Namespace(create=False, export='4', graph=False, test=False)
2014-05-30 17:08:22,158 - INFO - Logging started...
2014-05-30 17:08:22,161 - INFO - Args parsed: Namespace(create=False, export='1', graph=False, test=False)
2014-05-30 17:08:22,161 - INFO - Connected to SQLite database "SolarElz673.sqlt; exporting data for inverter 1"
2014-05-30 17:08:37,379 - INFO - Logging started...
2014-05-30 17:08:37,382 - INFO - Args parsed: Namespace(create=False, export='1', graph=False, test=False)
2014-05-30 17:14:50,707 - INFO - Logging started...
2014-05-30 17:14:50,710 - INFO - Args parsed: Namespace(create=False, export='1', graph=False, test=False)
2014-05-30 17:14:50,710 - INFO - Connected to SQLite database "SolarElz673.sqlt; exporting data for inverter 1"
2014-05-30 17:15:23,202 - INFO - Logging started...
2014-05-30 17:15:23,205 - INFO - Args parsed: Namespace(create=False, export='1', graph=False, test=False)
2014-05-30 17:15:23,205 - INFO - Connected to SQLite database "SolarElz673.sqlt; exporting data for inverter 1"
2014-05-30 17:15:46,206 - INFO - Logging started...
2014-05-30 17:15:46,208 - INFO - Args parsed: Namespace(create=False, export='1', graph=False, test=False)
2014-05-30 17:15:46,208 - INFO - Connected to SQLite database "SolarElz673.sqlt; exporting data for inverter 1"
2014-05-30 17:16:22,088 - INFO - Logging started...
2014-05-30 17:16:22,091 - INFO - Args parsed: Namespace(create=False, export='1', graph=False, test=False)
2014-05-30 17:16:22,092 - INFO - Connected to SQLite database "SolarElz673.sqlt; exporting data for inverter 1"
2014-05-30 17:18:09,463 - INFO - Logging started...
2014-05-30 17:18:09,466 - INFO - Args parsed: Namespace(create=False, export='2', graph=False, test=False)
2014-05-30 17:18:09,467 - INFO - Connected to SQLite database "SolarElz673.sqlt; exporting data for inverter 2"
2014-05-30 17:24:38,709 - INFO - Logging started...
2014-05-30 17:24:38,711 - INFO - Args parsed: Namespace(create=False, export='2', graph=False, test=False)
2014-05-30 17:24:38,712 - INFO - Connected to SQLite database "SolarElz673.sqlt; exporting data for inverter 2"
2014-05-30 17:24:45,358 - INFO - Logging started...
2014-05-30 17:24:45,360 - INFO - Args parsed: Namespace(create=False, export='1', graph=False, test=False)
2014-05-30 17:24:45,361 - INFO - Connected to SQLite database "SolarElz673.sqlt; exporting data for inverter 1"
2014-05-30 17:24:59,965 - INFO - Logging started...
2014-05-30 17:24:59,968 - INFO - Args parsed: Namespace(create=False, export='1', graph=False, test=False)
2014-05-30 17:24:59,968 - INFO - Connected to SQLite database "SolarElz673.sqlt; exporting data for inverter 1"
2014-05-30 17:25:36,491 - INFO - Logging started...
2014-05-30 17:25:36,493 - INFO - Args parsed: Namespace(create=False, export='2', graph=False, test=False)
2014-05-30 17:25:36,494 - INFO - Connected to SQLite database "SolarElz673.sqlt; exporting data for inverter 2"
2014-05-30 17:27:54,536 - INFO - Logging started...
2014-05-30 17:27:54,538 - INFO - Args parsed: Namespace(create=False, export='2', graph=False, test=False)
2014-05-30 17:27:54,539 - INFO - Connected to SQLite database "SolarElz673.sqlt; exporting data for inverter 2"
2014-05-30 17:28:05,677 - INFO - Logging started...
2014-05-30 17:28:05,679 - INFO - Args parsed: Namespace(create=False, export='2', graph=False, test=False)
2014-05-30 17:28:05,680 - INFO - Connected to SQLite database "SolarElz673.sqlt; exporting data for inverter 2"
2014-05-30 17:28:20,373 - INFO - Logging started...
2014-05-30 17:28:20,375 - INFO - Args parsed: Namespace(create=False, export='2', graph=False, test=False)
2014-05-30 17:28:20,376 - INFO - Connected to SQLite database "SolarElz673.sqlt; exporting data for inverter 2"
2014-05-30 21:02:08,399 - INFO - Logging started...
2014-05-30 21:02:08,401 - INFO - Args parsed: Namespace(create=False, export='1', graph=False, test=False)
2014-05-30 21:02:08,401 - INFO - Connected to SQLite database "SolarElz673.sqlt; exporting data for inverter 1"
2014-05-30 21:15:04,860 - INFO - Logging started...
2014-05-30 21:15:04,862 - INFO - Args parsed: Namespace(create=False, export='1', graph=False, test=False)
2014-05-30 21:15:04,863 - INFO - Connected to SQLite database "SolarElz673.sqlt; exporting data for inverter 1"
2014-05-30 21:15:34,757 - INFO - Logging started...
2014-05-30 21:15:34,759 - INFO - Args parsed: Namespace(create=False, export='2', graph=False, test=False)
2014-05-30 21:15:34,760 - INFO - Connected to SQLite database "SolarElz673.sqlt; exporting data for inverter 2"
2014-05-30 21:29:49,924 - INFO - Logging started...
2014-05-30 21:29:49,927 - INFO - Args parsed: Namespace(create=False, export='1', graph=False, test=False)
2014-05-30 21:29:49,928 - INFO - Connected to SQLite database "SolarElz673.sqlt; exporting data for inverter 1"
2014-05-30 21:30:02,407 - INFO - Logging started...
2014-05-30 21:30:02,409 - INFO - Args parsed: Namespace(create=False, export='2', graph=False, test=False)
2014-05-30 21:30:02,410 - INFO - Connected to SQLite database "SolarElz673.sqlt; exporting data for inverter 2"
2014-05-30 22:23:56,721 - INFO - Logging started...
2014-05-30 22:23:56,723 - INFO - Args parsed: Namespace(create=False, export='1', graph=False, test=False)
2014-05-30 22:23:56,724 - INFO - Connected to SQLite database "SolarElz673.sqlt; exporting data for inverter 1"
2014-05-30 22:24:12,510 - INFO - Logging started...
2014-05-30 22:24:12,512 - INFO - Args parsed: Namespace(create=False, export='1', graph=False, test=False)
2014-05-30 22:24:12,513 - INFO - Connected to SQLite database "SolarElz673.sqlt; exporting data for inverter 1"
2014-05-30 22:28:00,248 - INFO - Logging started...
2014-05-30 22:28:00,251 - INFO - Args parsed: Namespace(create=False, export='1', graph=False, test=False)
2014-05-30 22:28:00,251 - INFO - Connected to SQLite database "SolarElz673.sqlt; exporting data for inverter 1"
2014-05-30 22:28:17,217 - INFO - Logging started...
2014-05-30 22:28:17,220 - INFO - Args parsed: Namespace(create=False, export='1', graph=False, test=False)
2014-05-30 22:28:17,220 - INFO - Connected to SQLite database "SolarElz673.sqlt; exporting data for inverter 1"
2014-05-30 22:29:19,479 - INFO - Logging started...
2014-05-30 22:29:19,482 - INFO - Args parsed: Namespace(create=False, export='1', graph=False, test=False)
2014-05-30 22:29:19,482 - INFO - Connected to SQLite database "SolarElz673.sqlt; exporting data for inverter 1"
2014-05-30 22:34:30,283 - INFO - Logging started...
2014-05-30 22:34:30,285 - INFO - Args parsed: Namespace(create=False, export='1', graph=False, test=False)
2014-05-30 22:34:30,286 - INFO - Connected to SQLite database "SolarElz673.sqlt; exporting data for inverter 1"
2014-05-30 22:42:09,110 - INFO - Logging started...
2014-05-30 22:42:09,112 - INFO - Args parsed: Namespace(create=False, export='1', graph=False, test=False)
2014-05-30 22:42:09,112 - INFO - Connected to SQLite database "SolarElz673.sqlt; exporting data for inverter 1"
2014-05-30 22:42:27,671 - INFO - Logging started...
2014-05-30 22:42:27,673 - INFO - Args parsed: Namespace(create=False, export='1', graph=False, test=False)
2014-05-30 22:42:27,674 - INFO - Connected to SQLite database "SolarElz673.sqlt; exporting data for inverter 1"
2014-05-30 22:43:18,083 - INFO - Logging started...
2014-05-30 22:43:18,085 - INFO - Args parsed: Namespace(create=False, export='1', graph=False, test=False)
2014-05-30 22:43:18,086 - INFO - Connected to SQLite database "SolarElz673.sqlt; exporting data for inverter 1"
2014-05-30 22:52:30,309 - INFO - Logging started...
2014-05-30 22:52:30,311 - INFO - Args parsed: Namespace(create=False, export='1', graph=False, test=False)
2014-05-30 22:52:30,312 - INFO - Connected to SQLite database "SolarElz673.sqlt; exporting data for inverter 1"
2014-05-30 22:57:37,272 - INFO - Logging started...
2014-05-30 22:57:37,274 - INFO - Args parsed: Namespace(create=False, export='2', graph=False, test=False)
2014-05-30 22:57:37,275 - INFO - Connected to SQLite database "SolarElz673.sqlt; exporting data for inverter 2"
2014-05-30 23:09:13,373 - INFO - Logging started...
2014-05-30 23:09:13,376 - INFO - Args parsed: Namespace(create=False, export='1', graph=False, test=False)
2014-05-30 23:09:13,376 - INFO - Connected to SQLite database "SolarElz673.sqlt; exporting data for inverter 1"
2014-05-30 23:09:18,819 - INFO - Logging started...
2014-05-30 23:09:18,822 - INFO - Args parsed: Namespace(create=False, export='2', graph=False, test=False)
2014-05-30 23:09:18,822 - INFO - Connected to SQLite database "SolarElz673.sqlt; exporting data for inverter 2"
2014-05-30 23:09:29,658 - INFO - Logging started...
2014-05-30 23:09:29,661 - INFO - Args parsed: Namespace(create=False, export='1', graph=False, test=False)
2014-05-30 23:09:29,662 - INFO - Connected to SQLite database "SolarElz673.sqlt; exporting data for inverter 1"
2014-05-30 23:09:36,754 - INFO - Logging started...
2014-05-30 23:09:36,756 - INFO - Args parsed: Namespace(create=False, export='2', graph=False, test=False)
2014-05-30 23:09:36,757 - INFO - Connected to SQLite database "SolarElz673.sqlt; exporting data for inverter 2"
2014-05-30 23:10:15,446 - INFO - Logging started...
2014-05-30 23:10:15,448 - INFO - Args parsed: Namespace(create=True, export=None, graph=False, test=False)
2014-05-30 23:10:15,448 - ERROR - Cannot create SQLite database, init file does not exist: SolarElz673.sql
2014-05-30 23:10:51,582 - INFO - Logging started...
2014-05-30 23:10:51,584 - INFO - Args parsed: Namespace(create=True, export=None, graph=False, test=False)
2014-05-30 23:10:51,624 - INFO - Attempt to create SQLite db SolarElz673.sqlt: exit code is 0
2014-05-30 23:11:44,927 - INFO - Logging started...
2014-05-30 23:11:44,929 - INFO - Args parsed: Namespace(create=True, export=None, graph=False, test=False)
2014-05-30 23:11:44,961 - INFO - Attempt to create SQLite db SolarElz673.sqlt: exit code is 0
2014-05-30 23:11:44,970 - INFO - Attempt to create RRDtool db SolarElz673_BLS.rrd: exit code is 0
2014-05-30 23:11:44,971 - ERROR - Error opening serial port: could not open port /dev/ttyUSB0: [Errno 2] No such file or directory: '/dev/ttyUSB0'
2014-05-31 10:03:31,382 - INFO - Logging started...
2014-05-31 10:03:31,385 - INFO - Args parsed: Namespace(create=False, export='2', graph=False, test=False)
2014-05-31 10:03:31,387 - INFO - Connected to SQLite database "SolarElz673.sqlt; exporting data for inverter 2"
2014-05-31 10:03:36,473 - INFO - Logging started...
2014-05-31 10:03:36,475 - INFO - Args parsed: Namespace(create=False, export='1', graph=False, test=False)
2014-05-31 10:03:36,476 - INFO - Connected to SQLite database "SolarElz673.sqlt; exporting data for inverter 1"
2014-05-31 10:58:35,986 - INFO - Logging started...
2014-05-31 10:58:35,989 - INFO - Args parsed: Namespace(create=False, export='1', graph=False, test=False)
2014-05-31 10:58:35,989 - INFO - Connected to SQLite database "SolarElz673.sqlt; exporting data for inverter 1"
2014-05-31 10:58:40,751 - INFO - Logging started...
2014-05-31 10:58:40,754 - INFO - Args parsed: Namespace(create=False, export='2', graph=False, test=False)
2014-05-31 10:58:40,754 - INFO - Connected to SQLite database "SolarElz673.sqlt; exporting data for inverter 2"
2014-05-31 21:50:22,386 - INFO - Logging started...
2014-05-31 21:50:22,389 - INFO - Args parsed: Namespace(create=False, export=None, graph=True, test=False)
2014-05-31 21:50:22,389 - DEBUG - Creating RRD graphs (crontime is 21:50)...
2014-05-31 21:50:22,389 - INFO - Creating RRD graphs, using end time 1401565822
2014-05-31 21:50:22,523 - DEBUG - Graph solarElz673_last24hrs.png created; exit code is 0
2014-05-31 22:09:50,524 - INFO - Logging started...
2014-05-31 22:09:50,527 - INFO - Args parsed: Namespace(create=False, export='2', graph=False, test=False)
2014-05-31 22:09:50,528 - INFO - Connected to SQLite database "SolarElz673.sqlt; exporting data for inverter 2"
2014-05-31 22:09:55,812 - INFO - Logging started...
2014-05-31 22:09:55,815 - INFO - Args parsed: Namespace(create=False, export='1', graph=False, test=False)
2014-05-31 22:09:55,815 - INFO - Connected to SQLite database "SolarElz673.sqlt; exporting data for inverter 1"
2014-05-31 23:58:42,788 - INFO - Logging started...
2014-05-31 23:58:42,790 - INFO - Args parsed: Namespace(create=False, export='1', graph=False, test=False)
2014-05-31 23:58:42,791 - INFO - Connected to SQLite database "SolarElz673.sqlt; exporting data for inverter 1"
2014-05-31 23:58:48,175 - INFO - Logging started...
2014-05-31 23:58:48,178 - INFO - Args parsed: Namespace(create=False, export='2', graph=False, test=False)
2014-05-31 23:58:48,178 - INFO - Connected to SQLite database "SolarElz673.sqlt; exporting data for inverter 2"
2014-06-01 23:15:56,093 - INFO - Logging started...
2014-06-01 23:15:56,095 - INFO - Args parsed: Namespace(create=False, export='1', graph=False, test=False)
2014-06-01 23:15:56,095 - INFO - Connected to SQLite database "SolarElz673.sqlt; exporting data for inverter 1"
2014-06-01 23:16:00,698 - INFO - Logging started...
2014-06-01 23:16:00,699 - INFO - Args parsed: Namespace(create=False, export='2', graph=False, test=False)
2014-06-01 23:16:00,699 - INFO - Connected to SQLite database "SolarElz673.sqlt; exporting data for inverter 2"
2014-06-02 00:05:48,598 - INFO - Logging started...
2014-06-02 00:05:48,599 - INFO - Args parsed: Namespace(create=False, export='1', graph=False, test=False)
2014-06-02 00:05:48,600 - INFO - Connected to SQLite database "SolarElz673.sqlt; exporting data for inverter 1"
2014-06-02 00:10:05,543 - INFO - Logging started...
2014-06-02 00:10:05,544 - INFO - Args parsed: Namespace(create=False, export='1', graph=False, test=False)
2014-06-02 00:10:05,544 - INFO - Connected to SQLite database "SolarElz673.sqlt; exporting data for inverter 1"
2014-06-02 00:10:35,399 - INFO - Logging started...
2014-06-02 00:10:35,400 - INFO - Args parsed: Namespace(create=False, export='1', graph=False, test=False)
2014-06-02 00:10:35,400 - INFO - Connected to SQLite database "SolarElz673.sqlt; exporting data for inverter 1"
2014-06-02 00:12:13,010 - INFO - Logging started...
2014-06-02 00:12:13,011 - INFO - Args parsed: Namespace(create=False, export='2', graph=False, test=False)
2014-06-02 00:12:13,011 - INFO - Connected to SQLite database "SolarElz673.sqlt; exporting data for inverter 2"
2014-06-02 01:16:32,715 - INFO - Logging started...
2014-06-02 01:16:32,716 - INFO - Args parsed: Namespace(create=False, export=None, graph=True, test=False)
2014-06-02 01:16:32,716 - DEBUG - Creating RRD graphs (crontime is 1:16)...
2014-06-02 01:16:32,716 - INFO - Creating RRD graphs, using end time 1401664592
2014-06-02 01:16:32,785 - DEBUG - Graph solarElz673_last24hrs.png created; exit code is 0
2014-06-02 01:18:22,464 - INFO - Logging started...
2014-06-02 01:18:22,465 - INFO - Args parsed: Namespace(create=False, export=None, graph=True, test=False)
2014-06-02 01:18:22,465 - DEBUG - Creating RRD graphs (crontime is 1:18)...
2014-06-02 01:18:22,465 - INFO - Creating RRD graphs, using end time 1401664702
2014-06-02 01:18:22,540 - DEBUG - Graph solarElz673_last30days.png created; exit code is 0
